0 info it worked if it ends with ok
1 verbose cli [ 'C:\\Program Files\\nodejs\\node.exe',
1 verbose cli   'C:\\Users\\Julien\\AppData\\Roaming\\npm\\node_modules\\npm\\bin\\npm-cli.js',
1 verbose cli   'start' ]
2 info using npm@4.0.5
3 info using node@v6.9.4
4 verbose run-script [ 'prestart', 'start', 'poststart' ]
5 info lifecycle pwa-demo-serviceworker@1.0.0~prestart: pwa-demo-serviceworker@1.0.0
6 silly lifecycle pwa-demo-serviceworker@1.0.0~prestart: no script for prestart, continuing
7 info lifecycle pwa-demo-serviceworker@1.0.0~start: pwa-demo-serviceworker@1.0.0
8 verbose lifecycle pwa-demo-serviceworker@1.0.0~start: unsafe-perm in lifecycle true
9 verbose lifecycle pwa-demo-serviceworker@1.0.0~start: PATH: C:\Users\Julien\AppData\Roaming\npm\node_modules\npm\bin\node-gyp-bin;C:\Dev\pwa\udemy\sw-basics-04--finished\node_modules\.bin;C:\ProgramData\Oracle\Java\javapath;C:\WINDOWS\system32;C:\WINDOWS;C:\WINDOWS\System32\Wbem;C:\WINDOWS\System32\WindowsPowerShell\v1.0\;C:\Program Files (x86)\NVIDIA Corporation\PhysX\Common;C:\Dev\Java\apache-maven-3.3.9\bin;C:\Program Files\Git\cmd;C:\Program Files\nodejs\;C:\WINDOWS\system32;C:\WINDOWS;C:\WINDOWS\System32\Wbem;C:\WINDOWS\System32\WindowsPowerShell\v1.0\;C:\WINDOWS\System32\OpenSSH\;C:\Program Files\Microsoft VS Code\bin;C:\Users\Julien\AppData\Local\Microsoft\WindowsApps;C:\Users\Julien\AppData\Roaming\npm;C:\Program Files\Docker Toolbox;;C:\Program Files\Microsoft VS Code\bin
10 verbose lifecycle pwa-demo-serviceworker@1.0.0~start: CWD: C:\Dev\pwa\udemy\sw-basics-04--finished
11 silly lifecycle pwa-demo-serviceworker@1.0.0~start: Args: [ '/d /s /c', 'http-server -c-1' ]
12 verbose stack Error: kill ENOSYS
12 verbose stack     at exports._errnoException (util.js:1022:11)
12 verbose stack     at process.kill (internal/process.js:172:13)
12 verbose stack     at process.listener (C:\Users\Julien\AppData\Roaming\npm\node_modules\npm\node_modules\npmlog\node_modules\gauge\node_modules\signal-exit\index.js:86:15)
12 verbose stack     at emitNone (events.js:91:20)
12 verbose stack     at process.emit (events.js:185:7)
12 verbose stack     at processEmit (C:\Users\Julien\AppData\Roaming\npm\node_modules\npm\node_modules\npmlog\node_modules\gauge\node_modules\signal-exit\index.js:146:32)
12 verbose stack     at processEmit (C:\Users\Julien\AppData\Roaming\npm\node_modules\npm\node_modules\npm-registry-client\node_modules\npmlog\node_modules\gauge\node_modules\signal-exit\index.js:146:32)
12 verbose stack     at Signal.wrap.onsignal (internal/process.js:199:44)
13 verbose cwd C:\Dev\pwa\udemy\sw-basics-04--finished
14 error Windows_NT 10.0.17134
15 error argv "C:\\Program Files\\nodejs\\node.exe" "C:\\Users\\Julien\\AppData\\Roaming\\npm\\node_modules\\npm\\bin\\npm-cli.js" "start"
16 error node v6.9.4
17 error npm  v4.0.5
18 error code ENOSYS
19 error errno ENOSYS
20 error syscall kill
21 error kill ENOSYS
22 error If you need help, you may report this error at:
22 error     <https://github.com/npm/npm/issues>
23 verbose exit [ 1, true ]
